[website1966444.nicepage.io/index.html]
[backblue.gif]
[fade.gif]
[index.html]
[capp.nicepage.com/de7201afaae0292de7355fc9e109d2e140e5ad31/nicepage.css]
[website1966444.nicepage.io/nicepage-site.css]
[website1966444.nicepage.io/Home-Page.css]
[capp.nicepage.com/assets/jquery-3.5.1.min.js]
[capp.nicepage.com/de7201afaae0292de7355fc9e109d2e140e5ad31/nicepage.js]
[assets.nicepagecdn.com/d2cc3eaa/1966444/images/default-logo.png]
[website1966444.nicepage.io/About-Us.html]
[website1966444.nicepage.io/Landing.html]
[website1966444.nicepage.io/Our-Team.html]
[assets.nicepagecdn.com/d2cc3eaa/1966444/images/545678.png]
[assets.nicepagecdn.com/d2cc3eaa/1966444/images/16e87a58.png]
[assets.nicepagecdn.com/d2cc3eaa/1966444/images/4faa9b18.png]
[assets.nicepagecdn.com/d2cc3eaa/1966444/images/fb213e03.png]
[assets.nicepagecdn.com/d2cc3eaa/1966444/images/5bcebb37.png]
[assets.nicepagecdn.com/d2cc3eaa/1966444/images/9270209f.png]
[assets.nicepagecdn.com/d2cc3eaa/1966444/images/5926c8b4.png]
[assets.nicepagecdn.com/d2cc3eaa/1966444/images/c6802b50.png]
[assets.nicepagecdn.com/d2cc3eaa/1966444/images/ad1bb8e0.png]
[assets.nicepagecdn.com/d2cc3eaa/1966444/images/rtyrty.jpg]
[assets.nicepagecdn.com/d2cc3eaa/1966444/images/56y54.jpg]
[assets.nicepagecdn.com/d2cc3eaa/1966444/images/ytyy.jpg]
[assets.nicepagecdn.com/d2cc3eaa/1966444/images/business-people-shaking-hands-meeting-room_53876-15185.jpg]
[assets.nicepagecdn.com/d2cc3eaa/1966444/images/57e1d14a4354ae14f6da8c7dda79367d1d38d6ed5b586c48702872d59f4dc351b1_1280.jpg]
[assets.nicepagecdn.com/d2cc3eaa/1966444/images/urban-scene-skyline-morning-view-metropolis-concept_53876-23186.jpg]
[assets.nicepagecdn.com/d2cc3eaa/1966444/images/Untitled-1.jpg]
[website1966444.nicepage.io/index.html]
[capp.nicepage.com/de7201afaae0292de7355fc9e109d2e140e5ad31/nicepage.css]
[website1966444.nicepage.io/nicepage-site.css]
[assets.nicepagecdn.com/d2cc3eaa/1966444/images/6654e6-min.jpg]
[images01.nicepagecdn.com/c461c07a441a5d220e8feb1a/633750233d8c5929aa3adb77/bnnbn-min.jpg]
[assets.nicepagecdn.com/d2cc3eaa/1966444/images/46456.jpg]
[assets.nicepagecdn.com/d2cc3eaa/1966444/images/Untitled-2t-min.jpg]
[assets.nicepagecdn.com/d2cc3eaa/1966444/images/t34543.jpg]
[assets.nicepagecdn.com/d2cc3eaa/1966444/images/3543.jpg]
[assets.nicepagecdn.com/d2cc3eaa/1966444/images/75676.jpg]
[assets.nicepagecdn.com/d2cc3eaa/1966444/images/76.jpg]
[assets.nicepagecdn.com/d2cc3eaa/1966444/images/4534w5.jpg]
[website1966444.nicepage.io/Home-Page.css]
[website1966444.nicepage.io/signature.22.delayed]
[capp.nicepage.com/de7201afaae0292de7355fc9e109d2e140e5ad31/nicepage.js]
[website1966444.nicepage.io/Content/BundledScripts/index.html]
[website1966444.nicepage.io/About-Us.css]
[website1966444.nicepage.io/ABCDEFGHIJKLMNOPQRSTUVWXYZabcdefghijklmnopqrstuvwxyz0123456789+/index.html]
[assets.nicepagecdn.com/d2cc3eaa/1966444/images/808603.png]
[assets.nicepagecdn.com/d2cc3eaa/1966444/images/vvv.jpg]
[assets.nicepagecdn.com/d2cc3eaa/1966444/images/4863c1a7.png]
[assets.nicepagecdn.com/d2cc3eaa/1966444/images/cvvc.jpg]
[assets.nicepagecdn.com/d2cc3eaa/1966444/images/hgghgh.jpg]
[assets.nicepagecdn.com/d2cc3eaa/1966444/images/bvvb.jpg]
[assets.nicepagecdn.com/d2cc3eaa/1966444/images/jjhjh.jpg]
[assets.nicepagecdn.com/d2cc3eaa/1966444/images/jhhj.jpg]
[website1966444.nicepage.io/About-Us.html]
[website1966444.nicepage.io/Landing.css]
[assets.nicepagecdn.com/d2cc3eaa/1966444/images/31de555a.png]
[assets.nicepagecdn.com/d2cc3eaa/1966444/images/rytyy.jpg]
[assets.nicepagecdn.com/d2cc3eaa/1966444/images/fd9408b8.png]
[website1966444.nicepage.io/Landing.html]
[website1966444.nicepage.io/Our-Team.html]
[website1966444.nicepage.io/Content/BundledScripts/index.html]
[website1966444.nicepage.io/signature.html]
[website1966444.nicepage.io/ABCDEFGHIJKLMNOPQRSTUVWXYZabcdefghijklmnopqrstuvwxyz0123456789+/index.html]
[images01.nicepagecdn.com/c461c07a441a5d220e8feb1a/8ebf2f24fbec5a47a04ced4a/hgghhg.jpg]
[images01.nicepagecdn.com/a1389d7bc73adea1e1c1fb7e/dc1471d803125abd8599254d/pexels-pixabay-259239.jpg]
[images01.nicepagecdn.com/c461c07a441a5d220e8feb1a/e1ea6f23c6ff5ea5a5189718/ghghgh-min.jpg]
[images01.nicepagecdn.com/c461c07a441a5d220e8feb1a/42bd2b26715e504b8b3ddd8c/66.jpg]
[website1966444.nicepage.io/About-Us.css]
[assets.nicepagecdn.com/d2cc3eaa/1966444/images/bg.jpg]
[assets.nicepagecdn.com/d2cc3eaa/1966444/images/new6.jpg]
[images01.nicepagecdn.com/c461c07a441a5d220e8feb1a/9eeca6d8d3f25d879a12318b/dftgefe2.jpg]
[images01.nicepagecdn.com/c461c07a441a5d220e8feb1a/7e3e54c332b15ed2b3d081c0/derr-minefe2.jpg]
[images01.nicepagecdn.com/c461c07a441a5d220e8feb1a/bba50670a0915b4086f5fa54/cropped-view-professional-serious-finance-manager-holding-calculator-hands-checking-compa]
[images01.nicepagecdn.com/c461c07a441a5d220e8feb1a/77146b679e3455aca159fdf9/handshake-close-up-executives_1098-1384.jpg]
[images01.nicepagecdn.com/c461c07a441a5d220e8feb1a/30dfc9c5bd165024afc12200/ddd-min.png]
[assets.nicepagecdn.com/d2cc3eaa/1966444/images/erwrt345.jpg]
[assets.nicepagecdn.com/d2cc3eaa/1966444/images/young-beautiful-business-woman-working-computer-cafe.jpg]
[images01.nicepagecdn.com/c461c07a441a5d220e8feb1a/00aa5abc613459b89be9546c/e.jpg]
[images01.nicepagecdn.com/c461c07a441a5d220e8feb1a/980d881d762859b98207594a/hgghgh.jpg]
[images01.nicepagecdn.com/c461c07a441a5d220e8feb1a/a00f9926b1c35fc1a187a1f1/fgfg.jpg]
[website1966444.nicepage.io/Landing.css]
[website1966444.nicepage.io/Our-Team.css]
